<?xml version="1.0" encoding="utf-8"?><testsuites name="pytest tests"><testsuite name="pytest" errors="0" failures="0" skipped="10" tests="178" time="34.768" timestamp="2026-09-22T07:27:28.495405-04:00" hostname="CloudVPS118754.pez936"><testcase classname="tests.catalogues.test_cache_concurrency" name="test_twenty_concurrent_identical_cache_misses_use_one_source_call" time="0.099" /><testcase classname="tests.catalogues.test_cache_concurrency" name="test_cache_bypass_remains_an_explicit_fresh_lookup" time="0.039" /><testcase classname="tests.catalogues.test_contract" name="test_golden_manifest_schema_hashes_and_keys[brannor/brake_pads]" time="0.007" /><testcase classname="tests.catalogues.test_contract" name="test_golden_manifest_schema_hashes_and_keys[brembo/brake_pads]" time="0.041" /><testcase classname="tests.catalogues.test_contract" name="test_golden_manifest_schema_hashes_and_keys[brixo/radiators]" time="0.004" /><testcase classname="tests.catalogues.test_contract" name="test_golden_manifest_schema_hashes_and_keys[hel/brake_hoses]" time="0.002" /><testcase classname="tests.catalogues.test_contract" name="test_golden_manifest_schema_hashes_and_keys[hola/brake_pads]" time="0.005" /><testcase classname="tests.catalogues.test_contract" name="test_golden_manifest_schema_hashes_and_keys[jnbk/brake_discs]" time="0.002" /><testcase classname="tests.catalogues.test_contract" name="test_golden_manifest_schema_hashes_and_keys[kyb/shock_absorbers]" time="0.002" /><testcase classname="tests.catalogues.test_contract" name="test_golden_manifest_schema_hashes_and_keys[luzar/radiators]" time="0.002" /><testcase classname="tests.catalogues.test_contract" name="test_golden_manifest_schema_hashes_and_keys[metaco/brake_discs]" time="0.159" /><testcase classname="tests.catalogues.test_contract" name="test_golden_manifest_schema_hashes_and_keys[metaco/brake_pads]" time="0.792" /><testcase classname="tests.catalogues.test_contract" name="test_golden_manifest_schema_hashes_and_keys[mintex/brake_discs]" time="0.025" /><testcase classname="tests.catalogues.test_contract" name="test_golden_manifest_schema_hashes_and_keys[nibkru/brake_pads]" time="0.017" /><testcase classname="tests.catalogues.test_contract" name="test_golden_manifest_schema_hashes_and_keys[nissens/radiators]" time="0.003" /><testcase classname="tests.catalogues.test_contract" name="test_golden_manifest_schema_hashes_and_keys[sbparts/brake_pads]" time="0.021" /><testcase classname="tests.catalogues.test_contract" name="test_golden_manifest_schema_hashes_and_keys[trialli/brake_pads]" time="0.006" /><testcase classname="tests.catalogues.test_existing_golden" name="test_existing_fixture_hashes_and_manifest_contract[jnbk]" time="0.002" /><testcase classname="tests.catalogues.test_existing_golden" name="test_existing_fixture_hashes_and_manifest_contract[luzar]" time="0.002" /><testcase classname="tests.catalogues.test_existing_golden" name="test_existing_fixture_hashes_and_manifest_contract[nissens]" time="0.002" /><testcase classname="tests.catalogues.test_existing_golden" name="test_existing_fixture_hashes_and_manifest_contract[hel]" time="0.002" /><testcase classname="tests.catalogues.test_existing_golden" name="test_existing_fixture_hashes_and_manifest_contract[kyb]" time="0.002" /><testcase classname="tests.catalogues.test_existing_golden" name="test_existing_fixture_hashes_and_manifest_contract[hola]" time="0.005" /><testcase classname="tests.catalogues.test_existing_golden" name="test_existing_fixture_hashes_and_manifest_contract[brannor]" time="0.004" /><testcase classname="tests.catalogues.test_existing_golden" name="test_existing_fixture_hashes_and_manifest_contract[sbparts]" time="0.018" /><testcase classname="tests.catalogues.test_existing_golden" name="test_existing_fixture_hashes_and_manifest_contract[brembo]" time="0.069" /><testcase classname="tests.catalogues.test_existing_golden" name="test_existing_fixture_hashes_and_manifest_contract[trialli]" time="0.005" /><testcase classname="tests.catalogues.test_existing_golden" name="test_existing_fixture_hashes_and_manifest_contract[brixo]" time="0.003" /><testcase classname="tests.catalogues.test_existing_golden" name="test_existing_fixture_hashes_and_manifest_contract[nibkru]" time="0.016" /><testcase classname="tests.catalogues.test_existing_golden" name="test_existing_fixture_hashes_and_manifest_contract[mintex]" time="0.017" /><testcase classname="tests.catalogues.test_existing_golden" name="test_jnbk_golden_is_exact" time="0.004" /><testcase classname="tests.catalogues.test_existing_golden" name="test_luzar_golden_is_exact" time="0.002" /><testcase classname="tests.catalogues.test_existing_golden" name="test_nissens_golden_is_exact_and_excludes_vehicle_suggestion" time="0.002" /><testcase classname="tests.catalogues.test_existing_golden" name="test_hel_golden_is_exact" time="0.049" /><testcase classname="tests.catalogues.test_existing_golden" name="test_kyb_golden_is_exact" time="0.002" /><testcase classname="tests.catalogues.test_existing_golden" name="test_hola_golden_is_exact" time="0.005" /><testcase classname="tests.catalogues.test_existing_golden" name="test_brannor_golden_is_exact" time="0.004" /><testcase classname="tests.catalogues.test_existing_golden" name="test_sbparts_golden_is_exact_and_deduplicates_repeated_rows" time="0.018" /><testcase classname="tests.catalogues.test_existing_golden" name="test_brembo_golden_is_exact" time="0.176" /><testcase classname="tests.catalogues.test_existing_golden" name="test_trialli_golden_is_exact" time="0.005" /><testcase classname="tests.catalogues.test_existing_golden" name="test_brixo_radiator_golden_is_exact" time="0.003" /><testcase classname="tests.catalogues.test_existing_golden" name="test_nibk_shared_catalogue_golden_is_exact_for_reviewed_card" time="0.014" /><testcase classname="tests.catalogues.test_existing_golden" name="test_mintex_datasheet_golden_is_exact" time="0.017" /><testcase classname="tests.catalogues.test_inventory" name="test_workbook_inventory_and_registered_adapters_are_in_sync" time="0.092" /><testcase classname="tests.catalogues.test_metaco" name="test_classifies_only_w1_brake_descriptions" time="0.000" /><testcase classname="tests.catalogues.test_metaco" name="test_oem_csv_apostrophes_are_removed_and_kind_is_preserved" time="0.002" /><testcase classname="tests.catalogues.test_metaco" name="test_replacement_number_finds_the_same_complete_fixture_product" time="0.009" /><testcase classname="tests.catalogues.test_metaco" name="test_group_filter_prevents_cross_category_results" time="0.001" /><testcase classname="tests.catalogues.test_metaco" name="test_source_reports_not_found_and_missing_snapshot_error" time="0.055" /><testcase classname="tests.catalogues.test_metaco" name="test_pilot_source_is_not_registered_or_enabled" time="0.001" /><testcase classname="tests.catalogues.test_metaco" name="test_compiled_sqlite_index_matches_fixture_lookup" time="0.022" /><testcase classname="tests.catalogues.test_metaco" name="test_source_reads_compiled_index_without_registering_it" time="0.008" /><testcase classname="tests.catalogues.test_quality" name="test_reviewed_golden_pairs_are_exact[metaco/brake_discs]" time="0.113" /><testcase classname="tests.catalogues.test_quality" name="test_reviewed_golden_pairs_are_exact[metaco/brake_pads]" time="0.809" /><testcase classname="tests.catalogues.test_routing" name="test_candidate_is_not_instantiated_without_a_valid_rule" time="0.004" /><testcase classname="tests.catalogues.test_routing" name="test_explicit_candidate_key_cannot_bypass_tenant_or_group_rule" time="0.001" /><testcase classname="tests.catalogues.test_routing" name="test_candidate_can_be_default_only_for_its_pilot_cohort_and_group" time="0.001" /><testcase classname="tests.catalogues.test_routing" name="test_job_selection_defers_group_gate_but_not_tenant_gate" time="0.047" /><testcase classname="tests.catalogues.test_routing" name="test_candidate_visibility_exposes_only_allowed_groups" time="0.001" /><testcase classname="tests.catalogues.test_routing" name="test_existing_sources_keep_their_current_routing" time="0.001" /><testcase classname="tests.catalogues.test_routing" name="test_disabled_candidate_runs_only_for_configured_pilot_path" time="0.010" /><testcase classname="tests.catalogues.test_routing" name="test_same_number_in_two_groups_does_not_leak_or_use_shared_cache" time="0.003" /><testcase classname="tests.catalogues.test_routing" name="test_excel_job_preserves_pilot_tenant_and_gates_each_row" time="0.049" /><testcase classname="tests.performance.test_catalogue_budgets" name="test_metaco_fixture_lookup_p95_stays_inside_pure_parse_budget" time="0.066" /><testcase classname="tests.performance.test_catalogue_budgets" name="test_metaco_runtime_lookup_runs_off_the_event_loop" time="0.011" /><testcase classname="tests.test_aggregator" name="test_merge_dedupes_across_sources_and_keeps_provenance" time="0.000" /><testcase classname="tests.test_aggregator" name="test_merge_reports_blocked_when_no_source_answered" time="0.000" /><testcase classname="tests.test_aggregator" name="test_searched_number_is_pushed_to_the_end" time="0.000" /><testcase classname="tests.test_aggregator" name="test_lookup_reads_cached_source_before_making_network_request" time="0.001" /><testcase classname="tests.test_brannor" name="test_same_card_under_several_cars_is_fetched_once" time="0.000" /><testcase classname="tests.test_brannor" name="test_article_is_taken_from_the_url_tail" time="0.000" /><testcase classname="tests.test_brannor" name="test_number_with_spaces_is_split_off_the_brand" time="0.000" /><testcase classname="tests.test_brannor" name="test_parses_oe_list_from_the_card" time="0.000" /><testcase classname="tests.test_brannor" name="test_covers_pads_and_discs" time="0.000" /><testcase classname="tests.test_brixo" name="test_reads_articles_with_their_brands" time="0.000" /><testcase classname="tests.test_brixo" name="test_non_json_answer_is_distinguished_from_empty_result" time="0.000" /><testcase classname="tests.test_brixo" name="test_parses_brake_pad_references_with_brands" time="0.001" /><testcase classname="tests.test_brixo" name="test_parses_radiator_references" time="0.001" /><testcase classname="tests.test_brixo" name="test_own_article_is_an_aftermarket_cross" time="0.000" /><testcase classname="tests.test_brixo" name="test_card_without_references_yields_nothing" time="0.000" /><testcase classname="tests.test_brixo" name="test_brixo_covers_radiators_while_nibk_owns_brake_groups" time="0.000" /><testcase classname="tests.test_circular_search" name="test_hidden_mode_is_disabled_by_default" time="0.002" /><testcase classname="tests.test_circular_search" name="test_second_pass_merges_provenance_without_recursing_or_polluting_cache" time="0.001" /><testcase classname="tests.test_circular_search" name="test_candidates_are_deduplicated_and_standards_and_input_are_excluded" time="0.001" /><testcase classname="tests.test_circular_search" name="test_global_and_per_source_budgets_and_source_selection" time="0.002" /><testcase classname="tests.test_circular_search" name="test_per_source_limit_and_success_on_second_candidate" time="0.001" /><testcase classname="tests.test_circular_search" name="test_mode_can_be_enabled_through_environment" time="0.001" /><testcase classname="tests.test_circular_search" name="test_unavailable_sources_are_not_retried_and_second_pass_errors_stop[blocked]" time="0.001" /><testcase classname="tests.test_circular_search" name="test_unavailable_sources_are_not_retried_and_second_pass_errors_stop[error]" time="0.001" /><testcase classname="tests.test_circular_search" name="test_deadline_cancels_queries_and_preserves_direct_results" time="0.021" /><testcase classname="tests.test_circular_search" name="test_indirect_query_uses_its_own_cache_key_and_respects_cache_bypass" time="0.002" /><testcase classname="tests.test_circular_search" name="test_empty_results_and_zero_budget_skip_second_pass" time="0.002" /><testcase classname="tests.test_excel" name="test_oe_only_column" time="0.007" /><testcase classname="tests.test_excel" name="test_template_has_no_sample_data_and_preserves_gaps" time="0.015" /><testcase classname="tests.test_excel" name="test_read_input_finds_header_row" time="0.004" /><testcase classname="tests.test_excel" name="test_read_input_stops_at_blank_row_before_other_blocks" time="0.004" /><testcase classname="tests.test_excel" name="test_read_input_on_the_real_client_file" time="0.004" /><testcase classname="tests.test_excel" name="test_build_workbook_layout" time="0.006" /><testcase classname="tests.test_excel" name="test_export_strips_all_special_characters_from_cross_numbers" time="0.006" /><testcase classname="tests.test_excel" name="test_unrecognised_group_is_shown_as_sent" time="0.044" /><testcase classname="tests.test_frontend" name="test_frontend_states_and_layout[chromium]" time="4.901" /><testcase classname="tests.test_frontend" name="test_frontend_states_and_layout[webkit]" time="15.642" /><testcase classname="tests.test_groups" name="test_resolves_client_group_names" time="0.000" /><testcase classname="tests.test_groups" name="test_unknown_group_is_not_guessed" time="0.000" /><testcase classname="tests.test_groups" name="test_group_title_falls_back_gracefully" time="0.000" /><testcase classname="tests.test_groups" name="test_reads_three_column_file_with_groups" time="0.007" /><testcase classname="tests.test_groups" name="test_two_column_file_still_reads" time="0.004" /><testcase classname="tests.test_groups" name="test_registry_filters_sources_by_group" time="0.001" /><testcase classname="tests.test_groups" name="test_coverage_reports_every_group" time="0.000" /><testcase classname="tests.test_guest_quota" name="test_guest_quota_is_stable_and_bound_to_ip" time="0.060" /><testcase classname="tests.test_hel" name="test_reads_article_and_oe_numbers_from_the_card" time="0.001" /><testcase classname="tests.test_hel" name="test_own_article_and_oe_numbers_get_different_kinds" time="0.001" /><testcase classname="tests.test_hel" name="test_empty_search_page_yields_nothing" time="0.000" /><testcase classname="tests.test_hel" name="test_covers_brake_hoses" time="0.000" /><testcase classname="tests.test_hola" name="test_takes_article_out_of_product_link" time="0.001" /><testcase classname="tests.test_hola" name="test_section_links_are_not_products" time="0.000" /><testcase classname="tests.test_hola" name="test_parses_oe_numbers_with_brands" time="0.001" /><testcase classname="tests.test_hola" name="test_tab_header_with_the_same_attribute_is_not_mistaken_for_the_table" time="0.000" /><testcase classname="tests.test_hola" name="test_covers_four_groups" time="0.000" /><testcase classname="tests.test_kyb" name="test_parses_kyb_articles_and_oe_numbers" time="0.001" /><testcase classname="tests.test_kyb" name="test_empty_cross_list_gives_nothing" time="0.000" /><testcase classname="tests.test_kyb" name="test_row_without_maker_still_yields_the_kyb_article" time="0.000" /><testcase classname="tests.test_kyb" name="test_covers_shock_absorbers" time="0.000" /><testcase classname="tests.test_login" name="test_login_form_and_native_redirect" time="0.012" /><testcase classname="tests.test_login" name="test_guest_account_menu_opens_native_login_and_trial" time="1.171" /><testcase classname="tests.test_lookup_export" name="test_single_lookup_export_returns_canonical_excel_numbers" time="0.009" /><testcase classname="tests.test_lookup_history" name="test_single_lookup_saved_once_and_isolated[ok]" time="0.036" /><testcase classname="tests.test_lookup_history" name="test_single_lookup_saved_once_and_isolated[not_found]" time="0.051" /><testcase classname="tests.test_lookup_history" name="test_single_lookup_saved_once_and_isolated[blocked]" time="0.041" /><testcase classname="tests.test_marketing" name="test_public_content" time="0.014" /><testcase classname="tests.test_marketing" name="test_marketing_browser[chromium]" time="3.962" /><testcase classname="tests.test_marketing" name="test_marketing_browser[webkit]" time="4.306" /><testcase classname="tests.test_nibkru" name="test_nibk_source_keeps_only_nibk_products_from_shared_catalogue" time="0.001" /><testcase classname="tests.test_nibkru" name="test_nibk_source_describes_the_official_catalogue" time="0.001" /><testcase classname="tests.test_normalize" name="test_number_key_ignores_separators_and_case" time="0.000" /><testcase classname="tests.test_normalize" name="test_clean_number_collapses_whitespace" time="0.000" /><testcase classname="tests.test_normalize" name="test_split_brands_only_on_padded_slash" time="0.000" /><testcase classname="tests.test_normalize" name="test_classify_brand" time="0.000" /><testcase classname="tests.test_normalize" name="test_looks_like_part_number_rejects_noise" time="0.000" /><testcase classname="tests.test_normalize" name="test_proxy_is_applied_only_to_listed_sources" time="0.003" /><testcase classname="tests.test_normalize" name="test_proxy_credentials_are_masked_in_messages" time="0.001" /><testcase classname="tests.test_normalize" name="test_proxy_connection_errors_are_explained" time="0.001" /><testcase classname="tests.test_radiators" name="test_luzar_reads_article_and_oem_numbers" time="0.001" /><testcase classname="tests.test_radiators" name="test_luzar_takes_only_catalogue_product_links" time="0.000" /><testcase classname="tests.test_radiators" name="test_luzar_covers_radiators" time="0.000" /><testcase classname="tests.test_radiators" name="test_nissens_splits_js_call_arguments" time="0.000" /><testcase classname="tests.test_radiators" name="test_nissens_takes_direct_hit_products_only" time="0.001" /><testcase classname="tests.test_radiators" name="test_nissens_parses_oe_numbers_from_card" time="0.001" /><testcase classname="tests.test_radiators" name="test_nissens_reads_search_form_fields" time="0.000" /><testcase classname="tests.test_sources_live" name="test_sbparts_returns_real_crosses" time="0.000"><skipped type="pytest.skip" message="нужен явный доступ в интернет: CP_LIVE=1">/root/crossparts-worktrees/catalogue-expansion/tests/test_sources_live.py:25: нужен явный доступ в интернет: CP_LIVE=1</skipped></testcase><testcase classname="tests.test_sources_live" name="test_brembo_returns_oe_and_competitor_refs" time="0.000"><skipped type="pytest.skip" message="нужен явный доступ в интернет: CP_LIVE=1">/root/crossparts-worktrees/catalogue-expansion/tests/test_sources_live.py:35: нужен явный доступ в интернет: CP_LIVE=1</skipped></testcase><testcase classname="tests.test_sources_live" name="test_luzar_returns_oem_numbers_for_radiator" time="0.000"><skipped type="pytest.skip" message="нужен явный доступ в интернет: CP_LIVE=1">/root/crossparts-worktrees/catalogue-expansion/tests/test_sources_live.py:45: нужен явный доступ в интернет: CP_LIVE=1</skipped></testcase><testcase classname="tests.test_sources_live" name="test_nissens_returns_oem_numbers_for_radiator" time="0.000"><skipped type="pytest.skip" message="нужен явный доступ в интернет: CP_LIVE=1">/root/crossparts-worktrees/catalogue-expansion/tests/test_sources_live.py:55: нужен явный доступ в интернет: CP_LIVE=1</skipped></testcase><testcase classname="tests.test_sources_live" name="test_brixo_returns_branded_crosses" time="0.000"><skipped type="pytest.skip" message="нужен явный доступ в интернет: CP_LIVE=1">/root/crossparts-worktrees/catalogue-expansion/tests/test_sources_live.py:65: нужен явный доступ в интернет: CP_LIVE=1</skipped></testcase><testcase classname="tests.test_sources_live" name="test_kyb_normalises_the_number_before_asking" time="0.000"><skipped type="pytest.skip" message="нужен явный доступ в интернет: CP_LIVE=1">/root/crossparts-worktrees/catalogue-expansion/tests/test_sources_live.py:76: нужен явный доступ в интернет: CP_LIVE=1</skipped></testcase><testcase classname="tests.test_sources_live" name="test_hola_returns_oe_numbers_with_brands" time="0.000"><skipped type="pytest.skip" message="нужен явный доступ в интернет: CP_LIVE=1">/root/crossparts-worktrees/catalogue-expansion/tests/test_sources_live.py:85: нужен явный доступ в интернет: CP_LIVE=1</skipped></testcase><testcase classname="tests.test_sources_live" name="test_brannor_returns_oe_numbers_with_spaces" time="0.055"><skipped type="pytest.skip" message="нужен явный доступ в интернет: CP_LIVE=1">/root/crossparts-worktrees/catalogue-expansion/tests/test_sources_live.py:94: нужен явный доступ в интернет: CP_LIVE=1</skipped></testcase><testcase classname="tests.test_sources_live" name="test_hel_finds_hose_by_oe" time="0.000"><skipped type="pytest.skip" message="нужен явный доступ в интернет: CP_LIVE=1">/root/crossparts-worktrees/catalogue-expansion/tests/test_sources_live.py:104: нужен явный доступ в интернет: CP_LIVE=1</skipped></testcase><testcase classname="tests.test_sources_live" name="test_sbparts_also_covers_brake_hoses" time="0.000"><skipped type="pytest.skip" message="нужен явный доступ в интернет: CP_LIVE=1">/root/crossparts-worktrees/catalogue-expansion/tests/test_sources_live.py:112: нужен явный доступ в интернет: CP_LIVE=1</skipped></testcase><testcase classname="tests.test_sources_offline" name="test_jnbk_parses_cross_reference_block" time="0.004" /><testcase classname="tests.test_sources_offline" name="test_jnbk_reads_article_from_title" time="0.001" /><testcase classname="tests.test_sources_offline" name="test_jnbk_ignores_page_without_cross_block" time="0.002" /><testcase classname="tests.test_sources_offline" name="test_jnbk_extracts_product_links" time="0.000" /><testcase classname="tests.test_sources_offline" name="test_mintex_parses_oe_reference_table" time="0.005" /><testcase classname="tests.test_sources_offline" name="test_mintex_reads_article_from_hidden_field" time="0.001" /><testcase classname="tests.test_sources_offline" name="test_mintex_finds_viewstate_on_search_page" time="0.001" /><testcase classname="tests.test_sources_offline" name="test_mintex_detects_cloudflare_challenge" time="0.001" /><testcase classname="tests.test_sources_offline" name="test_mintex_extracts_datasheet_links" time="0.000" /><testcase classname="tests.test_sources_offline" name="test_antibot_detects_localised_cloudflare_challenge" time="0.002" /><testcase classname="tests.test_sources_offline" name="test_antibot_passes_normal_pages" time="0.001" /><testcase classname="tests.test_sources_offline" name="test_antibot_flags_blocking_statuses" time="0.000" /><testcase classname="tests.test_sources_offline" name="test_clearance_store_reuses_cookies_until_ttl" time="0.157" /><testcase classname="tests.test_sources_offline" name="test_clearance_store_expires" time="0.001" /><testcase classname="tests.test_sources_offline" name="test_mintex_instance_owns_a_clearance_store" time="0.000" /><testcase classname="tests.test_sources_offline" name="test_clearance_cooldown_stops_burning_proxy_traffic" time="0.000" /><testcase classname="tests.test_test_harness" name="test_database_is_forced_into_fresh_temporary_directory" time="0.001" /><testcase classname="tests.test_test_harness" name="test_offline_suite_rejects_external_dns_and_sockets" time="0.001" /><testcase classname="tests.test_test_harness" name="test_offline_suite_keeps_loopback_available" time="0.004" /></testsuite></testsuites>