<?xml version="1.0" encoding="utf-8"?><testsuites name="pytest tests"><testsuite name="pytest" errors="0" failures="1" skipped="0" tests="10" time="72.707" timestamp="2026-09-22T07:27:28.553208-04:00" hostname="CloudVPS118754.pez936"><testcase classname="tests.test_sources_live" name="test_sbparts_returns_real_crosses" time="3.172" /><testcase classname="tests.test_sources_live" name="test_brembo_returns_oe_and_competitor_refs" time="0.496" /><testcase classname="tests.test_sources_live" name="test_luzar_returns_oem_numbers_for_radiator" time="2.980" /><testcase classname="tests.test_sources_live" name="test_nissens_returns_oem_numbers_for_radiator" time="7.184" /><testcase classname="tests.test_sources_live" name="test_brixo_returns_branded_crosses" time="1.878" /><testcase classname="tests.test_sources_live" name="test_kyb_normalises_the_number_before_asking" time="0.276" /><testcase classname="tests.test_sources_live" name="test_hola_returns_oe_numbers_with_brands" time="2.766" /><testcase classname="tests.test_sources_live" name="test_brannor_returns_oe_numbers_with_spaces" time="1.930" /><testcase classname="tests.test_sources_live" name="test_hel_finds_hose_by_oe" time="45.275"><failure message="AssertionError: assert &lt;SourceStatus.ERROR: 'error'&gt; is &lt;SourceStatus.OK: 'ok'&gt;&#10; +  where &lt;SourceStatus.ERROR: 'error'&gt; = SourceResult(source='hel', status=&lt;SourceStatus.ERROR: 'error'&gt;, crosses=[], products=[], message='ReadTimeout', elapsed_ms=45244, url=None).status&#10; +  and   &lt;SourceStatus.OK: 'ok'&gt; = SourceStatus.OK">@pytest.mark.asyncio
    async def test_hel_finds_hose_by_oe():
        from app.sources.hel import HelSource
        res = await HelSource(get_settings(), None).lookup("1K0611701")
&gt;       assert res.status is SourceStatus.OK
E       AssertionError: assert &lt;SourceStatus.ERROR: 'error'&gt; is &lt;SourceStatus.OK: 'ok'&gt;
E        +  where &lt;SourceStatus.ERROR: 'error'&gt; = SourceResult(source='hel', status=&lt;SourceStatus.ERROR: 'error'&gt;, crosses=[], products=[], message='ReadTimeout', elapsed_ms=45244, url=None).status
E        +  and   &lt;SourceStatus.OK: 'ok'&gt; = SourceStatus.OK

tests/test_sources_live.py:108: AssertionError</failure></testcase><testcase classname="tests.test_sources_live" name="test_sbparts_also_covers_brake_hoses" time="6.422" /></testsuite></testsuites>