<?xml version="1.0" encoding="utf-8"?><testsuites name="pytest tests"><testsuite name="pytest" errors="0" failures="0" skipped="0" tests="10" time="22.335" timestamp="2026-09-22T12:43:55.344509-04:00" hostname="CloudVPS118754.pez936"><testcase classname="tests.test_sources_live" name="test_sbparts_returns_real_crosses" time="3.786" /><testcase classname="tests.test_sources_live" name="test_brembo_returns_oe_and_competitor_refs" time="0.442" /><testcase classname="tests.test_sources_live" name="test_luzar_returns_oem_numbers_for_radiator" time="1.010" /><testcase classname="tests.test_sources_live" name="test_nissens_returns_oem_numbers_for_radiator" time="6.222" /><testcase classname="tests.test_sources_live" name="test_brixo_returns_branded_crosses" time="1.749" /><testcase classname="tests.test_sources_live" name="test_kyb_normalises_the_number_before_asking" time="0.260" /><testcase classname="tests.test_sources_live" name="test_hola_returns_oe_numbers_with_brands" time="3.008" /><testcase classname="tests.test_sources_live" name="test_brannor_returns_oe_numbers_with_spaces" time="0.636" /><testcase classname="tests.test_sources_live" name="test_hel_finds_hose_by_oe" time="1.896" /><testcase classname="tests.test_sources_live" name="test_sbparts_also_covers_brake_hoses" time="3.072" /></testsuite></testsuites>